<?xml version="1.0" encoding="UTF-8"?>
<testng-results ignored="0" total="4" passed="4" failed="0" skipped="0">
  <reporter-output>
  </reporter-output>
  <suite started-at="2023-06-19T23:20:13 IST" name="Default suite" finished-at="2023-06-19T23:21:08 IST" duration-ms="55216">
    <groups>
    </groups>
    <test started-at="2023-06-19T23:20:13 IST" name="Default test" finished-at="2023-06-19T23:21:08 IST" duration-ms="55216">
      <class name="com.qa.opencart.test.ProductPageInfoTest">
        <test-method is-config="true" signature="setup()[pri:0, instance:com.qa.opencart.test.ProductPageInfoTest@42a48628]" started-at="2023-06-19T23:20:13 IST" name="setup" finished-at="2023-06-19T23:20:26 IST" duration-ms="13165" status="PASS">
          <reporter-output>
          </reporter-output>
        </test-method> <!-- setup -->
        <test-method is-config="true" signature="productInfoPageSetup()[pri:0, instance:com.qa.opencart.test.ProductPageInfoTest@42a48628]" started-at="2023-06-19T23:20:26 IST" name="productInfoPageSetup" finished-at="2023-06-19T23:20:31 IST" duration-ms="5065" status="PASS">
          <reporter-output>
          </reporter-output>
        </test-method> <!-- productInfoPageSetup -->
        <test-method signature="productImagesCountTest(java.lang.String,java.lang.String,int)[pri:0, instance:com.qa.opencart.test.ProductPageInfoTest@42a48628]" started-at="2023-06-19T23:20:31 IST" name="productImagesCountTest" data-provider="getProductImagesTestData" finished-at="2023-06-19T23:20:40 IST" duration-ms="8521" status="PASS">
          <params>
            <param index="0">
              <value>
                <![CDATA[Macbook]]>
              </value>
            </param>
            <param index="1">
              <value>
                <![CDATA[MacBook Pro]]>
              </value>
            </param>
            <param index="2">
              <value>
                <![CDATA[4]]>
              </value>
            </param>
          </params>
          <reporter-output>
          </reporter-output>
        </test-method> <!-- productImagesCountTest -->
        <test-method signature="productImagesCountTest(java.lang.String,java.lang.String,int)[pri:0, instance:com.qa.opencart.test.ProductPageInfoTest@42a48628]" started-at="2023-06-19T23:20:40 IST" name="productImagesCountTest" data-provider="getProductImagesTestData" finished-at="2023-06-19T23:20:47 IST" duration-ms="6935" status="PASS">
          <params>
            <param index="0">
              <value>
                <![CDATA[Samsung]]>
              </value>
            </param>
            <param index="1">
              <value>
                <![CDATA[Samsung SyncMaster 941BW]]>
              </value>
            </param>
            <param index="2">
              <value>
                <![CDATA[1]]>
              </value>
            </param>
          </params>
          <reporter-output>
          </reporter-output>
        </test-method> <!-- productImagesCountTest -->
        <test-method signature="productImagesCountTest(java.lang.String,java.lang.String,int)[pri:0, instance:com.qa.opencart.test.ProductPageInfoTest@42a48628]" started-at="2023-06-19T23:20:47 IST" name="productImagesCountTest" data-provider="getProductImagesTestData" finished-at="2023-06-19T23:21:02 IST" duration-ms="15359" status="PASS">
          <params>
            <param index="0">
              <value>
                <![CDATA[Apple]]>
              </value>
            </param>
            <param index="1">
              <value>
                <![CDATA[Apple Cinema 30"]]>
              </value>
            </param>
            <param index="2">
              <value>
                <![CDATA[6]]>
              </value>
            </param>
          </params>
          <reporter-output>
          </reporter-output>
        </test-method> <!-- productImagesCountTest -->
        <test-method signature="productImagesCountTest(java.lang.String,java.lang.String,int)[pri:0, instance:com.qa.opencart.test.ProductPageInfoTest@42a48628]" started-at="2023-06-19T23:21:02 IST" name="productImagesCountTest" data-provider="getProductImagesTestData" finished-at="2023-06-19T23:21:07 IST" duration-ms="4959" status="PASS">
          <params>
            <param index="0">
              <value>
                <![CDATA[iMac]]>
              </value>
            </param>
            <param index="1">
              <value>
                <![CDATA[iMac]]>
              </value>
            </param>
            <param index="2">
              <value>
                <![CDATA[3]]>
              </value>
            </param>
          </params>
          <reporter-output>
          </reporter-output>
        </test-method> <!-- productImagesCountTest -->
        <test-method is-config="true" signature="tearDown()[pri:0, instance:com.qa.opencart.test.ProductPageInfoTest@42a48628]" started-at="2023-06-19T23:21:07 IST" name="tearDown" finished-at="2023-06-19T23:21:08 IST" duration-ms="994" status="PASS">
          <reporter-output>
          </reporter-output>
        </test-method> <!-- tearDown -->
      </class> <!-- com.qa.opencart.test.ProductPageInfoTest -->
    </test> <!-- Default test -->
  </suite> <!-- Default suite -->
</testng-results>
